SonarQube plugins:
  - Python Code Quality and Security 3.8.0.8883 (python)
  - Go Code Quality and Security 1.8.3.2219 (go)
  - JaCoCo 1.1.1.1157 (jacoco)
  - Kotlin Code Quality and Security 2.7.0.948 (kotlin)
  - IaC Code Quality and Security 1.4.0.1294 (iac)
  - JavaScript/TypeScript Code Quality and Security 8.6.0.16913 (javascript)
  - Ruby Code Quality and Security 1.8.3.2219 (ruby)
  - Scala Code Quality and Security 1.8.3.2219 (sonarscala)
  - C# Code Quality and Security 8.32.0.39516 (csharp)
  - Java Code Quality and Security 7.5.0.28054 (java)
  - HTML Code Quality and Security 3.4.0.2754 (web)
  - Flex Code Quality and Security 2.6.2.2641 (flex)
  - XML Code Quality and Security 2.4.0.3273 (xml)
  - PHP Code Quality and Security 3.21.2.8292 (php)
  - French Pack 1.15.1 (l10nfr)
  - VB.NET Code Quality and Security 8.32.0.39516 (vbnet)
  - Configuration detection fot Code Quality and Security 1.1.0.185 (config)
Global server settings:
  - email.from=sonar@formation.org
  - sonar.core.id=86E1FA4D-AX180T6jfx13_0fi3X8Z
  - sonar.core.startTime=2021-12-06T11:03:58+0100
  - sonar.forceAuthentication=true
  - sonar.plugins.risk.consent=ACCEPTED
Project server settings:
Project scanner properties:
  - sonar.cobol.copy.directories=copybooks
  - sonar.cobol.copy.suffixes=cpy
  - sonar.cobol.file.suffixes=cbl,cpy
  - sonar.flex.cobertura.reportPath=coverage-report/coverage-cobertua-flex.xml
  - sonar.host.url=http://localhost:9000
  - sonar.login=******
  - sonar.password=******
  - sonar.pli.marginLeft=2
  - sonar.pli.marginRight=0
  - sonar.projectBaseDir=/home/dthibau/Formations/Sonar/MyWork/sonar-scanning-examples/sonarqube-scanner
  - sonar.projectKey=org.sonarqube:sonarqube-scanner
  - sonar.projectName=Example of SonarQube Scanner Usage
  - sonar.projectVersion=1.0
  - sonar.scanner.app=ScannerCLI
  - sonar.scanner.appVersion=4.6.2.2472
  - sonar.sourceEncoding=UTF-8
  - sonar.sources=src,copybooks
  - sonar.verbose=true
  - sonar.working.directory=/home/dthibau/Formations/Sonar/MyWork/sonar-scanning-examples/sonarqube-scanner/.scannerwork
